Log file open, 06/15/20 14:00:10
LogInit: Display: Running engine for game: Connections_UE
LogPlatformFile: Not using cached read wrapper
LogTaskGraph: Started task graph with 5 named threads and 23 total threads with 3 sets of task threads.
LogStats: Stats thread started at 0.915861
LogD3D11RHI: Loaded GFSDK_Aftermath_Lib.x64.dll
LogICUInternationalization: ICU TimeZone Detection - Raw Offset: -5:00, Platform Override: ''
LogPluginManager: Mounting plugin Paper2D
LogPluginManager: Mounting plugin AISupport
LogPluginManager: Mounting plugin LightPropagationVolume
LogPluginManager: Mounting plugin CameraShakePreviewer
LogPluginManager: Mounting plugin ActorLayerUtilities
LogPluginManager: Mounting plugin AnimationSharing
LogPluginManager: Mounting plugin CLionSourceCodeAccess
LogPluginManager: Mounting plugin CodeLiteSourceCodeAccess
LogPluginManager: Mounting plugin GitSourceControl
LogPluginManager: Mounting plugin KDevelopSourceCodeAccess
LogPluginManager: Mounting plugin NullSourceCodeAccess
LogPluginManager: Mounting plugin PerforceSourceControl
LogPluginManager: Mounting plugin PlasticSourceControl
LogPluginManager: Mounting plugin RiderSourceCodeAccess
LogPluginManager: Mounting plugin SubversionSourceControl
LogPluginManager: Mounting plugin UObjectPlugin
LogPluginManager: Mounting plugin VisualStudioCodeSourceCodeAccess
LogPluginManager: Mounting plugin VisualStudioSourceCodeAccess
LogPluginManager: Mounting plugin XCodeSourceCodeAccess
LogPluginManager: Mounting plugin AssetManagerEditor
LogPluginManager: Mounting plugin CryptoKeys
LogPluginManager: Mounting plugin CurveEditorTools
LogPluginManager: Mounting plugin DataValidation
LogPluginManager: Mounting plugin EditorScriptingUtilities
LogPluginManager: Mounting plugin FacialAnimation
LogPluginManager: Mounting plugin GameplayTagsEditor
LogPluginManager: Mounting plugin GeometryMode
LogPluginManager: Mounting plugin MacGraphicsSwitching
LogPluginManager: Mounting plugin MaterialAnalyzer
LogPluginManager: Mounting plugin MobileLauncherProfileWizard
LogPluginManager: Mounting plugin PluginBrowser
LogPluginManager: Mounting plugin SpeedTreeImporter
LogPluginManager: Mounting plugin DatasmithContent
LogPluginManager: Mounting plugin VariantManagerContent
LogPluginManager: Mounting plugin AlembicImporter
LogPluginManager: Mounting plugin AutomationUtils
LogPluginManager: Mounting plugin BackChannel
LogPluginManager: Mounting plugin ChaosCloth
LogPluginManager: Mounting plugin ChaosClothEditor
LogPluginManager: Mounting plugin ChaosEditor
LogPluginManager: Mounting plugin ChaosNiagara
LogPluginManager: Mounting plugin ChaosSolverPlugin
LogPluginManager: Mounting plugin CharacterAI
LogPluginManager: Mounting plugin GeometryCache
LogPluginManager: Mounting plugin GeometryCollectionPlugin
LogPluginManager: Mounting plugin GeometryProcessing
LogPluginManager: Mounting plugin PlanarCut
LogPluginManager: Mounting plugin PlatformCrypto
LogPluginManager: Mounting plugin ProxyLODPlugin
LogPluginManager: Mounting plugin SkeletalReduction
LogPluginManager: Mounting plugin Niagara
LogPluginManager: Mounting plugin MagicLeap
LogPluginManager: Mounting plugin MagicLeapLightEstimation
LogPluginManager: Mounting plugin MagicLeapMedia
LogPluginManager: Mounting plugin MagicLeapPassableWorld
LogPluginManager: Mounting plugin MLSDK
LogPluginManager: Mounting plugin AndroidMedia
LogPluginManager: Mounting plugin AvfMedia
LogPluginManager: Mounting plugin ImgMedia
LogPluginManager: Mounting plugin MediaCompositing
LogPluginManager: Mounting plugin MediaPlayerEditor
LogPluginManager: Mounting plugin WebMMedia
LogPluginManager: Mounting plugin WmfMedia
LogPluginManager: Mounting plugin MeshPainting
LogPluginManager: Mounting plugin TcpMessaging
LogPluginManager: Mounting plugin UdpMessaging
LogPluginManager: Mounting plugin ActorSequence
LogPluginManager: Mounting plugin LevelSequenceEditor
LogPluginManager: Mounting plugin MatineeToLevelSequence
LogPluginManager: Mounting plugin MovieRenderPipeline
LogPluginManager: Mounting plugin TemplateSequence
LogPluginManager: Mounting plugin NetcodeUnitTest
LogPluginManager: Mounting plugin NUTUnrealEngine4
LogPluginManager: Mounting plugin OnlineSubsystemGooglePlay
LogPluginManager: Mounting plugin OnlineSubsystemIOS
LogPluginManager: Mounting plugin OnlineSubsystem
LogPluginManager: Mounting plugin OnlineSubsystemNull
LogPluginManager: Mounting plugin OnlineSubsystemUtils
LogPluginManager: Mounting plugin LauncherChunkInstaller
LogPluginManager: Mounting plugin AndroidDeviceProfileSelector
LogPluginManager: Mounting plugin AndroidMoviePlayer
LogPluginManager: Mounting plugin AndroidPermission
LogPluginManager: Mounting plugin AppleImageUtils
LogPluginManager: Mounting plugin AppleMoviePlayer
LogPluginManager: Mounting plugin ArchVisCharacter
LogPluginManager: Mounting plugin AssetTags
LogPluginManager: Mounting plugin AudioCapture
LogPluginManager: Mounting plugin CableComponent
LogPluginManager: Mounting plugin CustomMeshComponent
LogPluginManager: Mounting plugin EditableMesh
LogPluginManager: Mounting plugin ExampleDeviceProfileSelector
LogPluginManager: Mounting plugin GoogleCloudMessaging
LogPluginManager: Mounting plugin GooglePAD
LogPluginManager: Mounting plugin IOSDeviceProfileSelector
LogPluginManager: Mounting plugin LinuxDeviceProfileSelector
LogPluginManager: Mounting plugin LocationServicesBPLibrary
LogPluginManager: Mounting plugin MobilePatchingUtils
LogPluginManager: Mounting plugin PhysXVehicles
LogPluginManager: Mounting plugin PostSplashScreen
LogPluginManager: Mounting plugin ProceduralMeshComponent
LogPluginManager: Mounting plugin RuntimePhysXCooking
LogPluginManager: Mounting plugin SignificanceManager
LogPluginManager: Mounting plugin SoundFields
LogPluginManager: Mounting plugin Synthesis
LogPluginManager: Mounting plugin WebMMoviePlayer
LogPluginManager: Mounting plugin WindowsMoviePlayer
LogPluginManager: Mounting plugin ScreenshotTools
LogInit: Using libcurl 7.55.1-DEV
LogInit:  - built for x86_64-pc-win32
LogInit:  - supports SSL with OpenSSL/1.1.1
LogInit:  - supports HTTP deflate (compression) using libz 1.2.8
LogInit:  - other features:
LogInit:      CURL_VERSION_SSL
LogInit:      CURL_VERSION_LIBZ
LogInit:      CURL_VERSION_IPV6
LogInit:      CURL_VERSION_ASYNCHDNS
LogInit:      CURL_VERSION_LARGEFILE
LogInit:      CURL_VERSION_IDN
LogInit:  CurlRequestOptions (configurable via config and command line):
LogInit:  - bVerifyPeer = true  - Libcurl will verify peer certificate
LogInit:  - bUseHttpProxy = false  - Libcurl will NOT use HTTP proxy
LogInit:  - bDontReuseConnections = false  - Libcurl will reuse connections
LogInit:  - MaxHostConnections = 16  - Libcurl will limit the number of connections to a host
LogInit:  - LocalHostAddr = Default
LogInit:  - BufferSize = 65536
LogOnline: OSS: Creating online subsystem instance for: NULL
LogInit: WinSock: version 1.1 (2.2), MaxSocks=32767, MaxUdp=65467
LogOnline: OSS: TryLoadSubsystemAndSetDefault: Loaded subsystem for module [NULL]
LogInit: Build: ++UE4+Release-4.25-CL-13594126
LogInit: Engine Version: 4.25.1-13594126+++UE4+Release-4.25
LogInit: Compatible Engine Version: 4.25.0-13144385+++UE4+Release-4.25
LogInit: Net CL: 13144385
LogInit: OS: Windows 10 (Release 2004) (), CPU: Intel(R) Core(TM) i7-7700HQ CPU @ 2.80GHz, GPU: NVIDIA GeForce GTX 1070
LogInit: Compiled (64-bit): Jun  2 2020 02:10:36
LogInit: Compiled with Visual C++: 19.24.28315.00
LogInit: Build Configuration: Development
LogInit: Branch Name: ++UE4+Release-4.25
LogInit: Command Line: 
LogInit: Base Directory: E:/Program Files (x86)/UE_4.25/UE_4.25/Engine/Binaries/Win64/
LogInit: Allocator: TBB
LogInit: Installed Engine Build: 1
LogDevObjectVersion: Number of dev versions registered: 26
LogDevObjectVersion:   Dev-Blueprints (B0D832E4-1F89-4F0D-ACCF-7EB736FD4AA2): 10
LogDevObjectVersion:   Dev-Build (E1C64328-A22C-4D53-A36C-8E866417BD8C): 0
LogDevObjectVersion:   Dev-Core (375EC13C-06E4-48FB-B500-84F0262A717E): 4
LogDevObjectVersion:   Dev-Editor (E4B068ED-F494-42E9-A231-DA0B2E46BB41): 38
LogDevObjectVersion:   Dev-Framework (CFFC743F-43B0-4480-9391-14DF171D2073): 37
LogDevObjectVersion:   Dev-Mobile (B02B49B5-BB20-44E9-A304-32B752E40360): 2
LogDevObjectVersion:   Dev-Networking (A4E4105C-59A1-49B5-A7C5-40C4547EDFEE): 0
LogDevObjectVersion:   Dev-Online (39C831C9-5AE6-47DC-9A44-9C173E1C8E7C): 0
LogDevObjectVersion:   Dev-Physics (78F01B33-EBEA-4F98-B9B4-84EACCB95AA2): 4
LogDevObjectVersion:   Dev-Platform (6631380F-2D4D-43E0-8009-CF276956A95A): 0
LogDevObjectVersion:   Dev-Rendering (12F88B9F-8875-4AFC-A67C-D90C383ABD29): 43
LogDevObjectVersion:   Dev-Sequencer (7B5AE74C-D270-4C10-A958-57980B212A5A): 12
LogDevObjectVersion:   Dev-VR (D7296918-1DD6-4BDD-9DE2-64A83CC13884): 3
LogDevObjectVersion:   Dev-LoadTimes (C2A15278-BFE7-4AFE-6C17-90FF531DF755): 1
LogDevObjectVersion:   Private-Geometry (6EACA3D4-40EC-4CC1-B786-8BED09428FC5): 3
LogDevObjectVersion:   Dev-AnimPhys (29E575DD-E0A3-4627-9D10-D276232CDCEA): 17
LogDevObjectVersion:   Dev-Anim (AF43A65D-7FD3-4947-9873-3E8ED9C1BB05): 7
LogDevObjectVersion:   Dev-ReflectionCapture (6B266CEC-1EC7-4B8F-A30B-E4D90942FC07): 1
LogDevObjectVersion:   Dev-Automation (0DF73D61-A23F-47EA-B727-89E90C41499A): 1
LogDevObjectVersion:   FortniteMain (601D1886-AC64-4F84-AA16-D3DE0DEAC7D6): 31
LogDevObjectVersion:   Dev-Enterprise (9DFFBCD6-494F-0158-E221-12823C92A888): 10
LogDevObjectVersion:   Dev-Niagara (F2AED0AC-9AFE-416F-8664-AA7FFA26D6FC): 1
LogDevObjectVersion:   Dev-Destruction (174F1F0B-B4C6-45A5-B13F-2EE8D0FB917D): 10
LogDevObjectVersion:   Dev-Physics-Ext (35F94A83-E258-406C-A318-09F59610247C): 37
LogDevObjectVersion:   Dev-PhysicsMaterial-Chaos (B68FC16E-8B1B-42E2-B453-215C058844FE): 1
LogDevObjectVersion:   Dev-CineCamera (B2E18506-4273-CFC2-A54E-F4BB758BBA07): 1
LogInit: Presizing for max 25165824 objects, including 0 objects not considered by GC, pre-allocating 0 bytes for permanent pool.
LogConfig: Applying CVar settings from Section [/Script/Engine.StreamingSettings] File [E:/Game_jam/homeJam_AGAIN/Connections/Connections_UE/Saved/Config/Windows/Engine.ini]
LogConfig: Setting CVar [[s.MinBulkDataSizeForAsyncLoading:131072]]
LogConfig: Setting CVar [[s.AsyncLoadingThreadEnabled:0]]
LogConfig: Setting CVar [[s.EventDrivenLoaderEnabled:1]]
LogConfig: Setting CVar [[s.WarnIfTimeLimitExceeded:0]]
LogConfig: Setting CVar [[s.TimeLimitExceededMultiplier:1.5]]
LogConfig: Setting CVar [[s.TimeLimitExceededMinTime:0.005]]
LogConfig: Setting CVar [[s.UseBackgroundLevelStreaming:1]]
LogConfig: Setting CVar [[s.PriorityAsyncLoadingExtraTime:15.0]]
LogConfig: Setting CVar [[s.LevelStreamingActorsUpdateTimeLimit:5.0]]
LogConfig: Setting CVar [[s.PriorityLevelStreamingActorsUpdateExtraTime:5.0]]
LogConfig: Setting CVar [[s.LevelStreamingComponentsRegistrationGranularity:10]]
LogConfig: Setting CVar [[s.UnregisterComponentsTimeLimit:1.0]]
LogConfig: Setting CVar [[s.LevelStreamingComponentsUnregistrationGranularity:5]]
LogConfig: Setting CVar [[s.FlushStreamingOnExit:1]]
LogInit: Object subsystem initialized
LogConfig: Setting CVar [[con.DebugEarlyDefault:1]]
LogConfig: Setting CVar [[r.setres:1280x720]]
[2020.06.15-18.00.11:100][  0]LogConfig: Setting CVar [[r.VSync:0]]
[2020.06.15-18.00.11:100][  0]LogConfig: Setting CVar [[r.RHICmdBypass:0]]
[2020.06.15-18.00.11:100][  0]LogConfig: Applying CVar settings from Section [/Script/Engine.RendererSettings] File [E:/Game_jam/homeJam_AGAIN/Connections/Connections_UE/Saved/Config/Windows/Engine.ini]
[2020.06.15-18.00.11:100][  0]LogConfig: Setting CVar [[r.GPUCrashDebugging:0]]
[2020.06.15-18.00.11:100][  0]LogConfig: Setting CVar [[r.Mobile.DisableVertexFog:1]]
[2020.06.15-18.00.11:100][  0]LogConfig: Setting CVar [[r.Shadow.CSM.MaxMobileCascades:2]]
[2020.06.15-18.00.11:100][  0]LogConfig: Setting CVar [[r.MobileMSAA:1]]
[2020.06.15-18.00.11:100][  0]LogConfig: Setting CVar [[r.Mobile.UseLegacyShadingModel:0]]
[2020.06.15-18.00.11:100][  0]LogConfig: Setting CVar [[r.Mobile.AllowDitheredLODTransition:0]]
[2020.06.15-18.00.11:101][  0]LogConfig: Setting CVar [[r.Mobile.AllowSoftwareOcclusion:0]]
[2020.06.15-18.00.11:101][  0]LogConfig: Setting CVar [[r.Mobile.VirtualTextures:0]]
[2020.06.15-18.00.11:101][  0]LogConfig: Setting CVar [[r.DiscardUnusedQuality:0]]
[2020.06.15-18.00.11:101][  0]LogConfig: Setting CVar [[r.AllowOcclusionQueries:1]]
[2020.06.15-18.00.11:101][  0]LogConfig: Setting CVar [[r.MinScreenRadiusForLights:0.030000]]
[2020.06.15-18.00.11:101][  0]LogConfig: Setting CVar [[r.MinScreenRadiusForDepthPrepass:0.030000]]
[2020.06.15-18.00.11:101][  0]LogConfig: Setting CVar [[r.MinScreenRadiusForCSMDepth:0.010000]]
[2020.06.15-18.00.11:101][  0]LogConfig: Setting CVar [[r.PrecomputedVisibilityWarning:0]]
[2020.06.15-18.00.11:101][  0]LogConfig: Setting CVar [[r.TextureStreaming:1]]
[2020.06.15-18.00.11:101][  0]LogConfig: Setting CVar [[Compat.UseDXT5NormalMaps:0]]
[2020.06.15-18.00.11:101][  0]LogConfig: Setting CVar [[r.VirtualTextures:0]]
[2020.06.15-18.00.11:101][  0]LogConfig: Setting CVar [[r.VirtualTexturedLightmaps:0]]
[2020.06.15-18.00.11:101][  0]LogConfig: Setting CVar [[r.VT.TileSize:128]]
[2020.06.15-18.00.11:101][  0]LogConfig: Setting CVar [[r.VT.TileBorderSize:4]]
[2020.06.15-18.00.11:101][  0]LogConfig: Setting CVar [[r.vt.FeedbackFactor:16]]
[2020.06.15-18.00.11:101][  0]LogConfig: Setting CVar [[r.VT.EnableCompressZlib:1]]
[2020.06.15-18.00.11:101][  0]LogConfig: Setting CVar [[r.VT.EnableCompressCrunch:0]]
[2020.06.15-18.00.11:101][  0]LogConfig: Setting CVar [[r.ClearCoatNormal:0]]
[2020.06.15-18.00.11:101][  0]LogConfig: Setting CVar [[r.AnisotropicBRDF:0]]
[2020.06.15-18.00.11:101][  0]LogConfig: Setting CVar [[r.ReflectionCaptureResolution:128]]
[2020.06.15-18.00.11:101][  0]LogConfig: Setting CVar [[r.ReflectionEnvironmentLightmapMixBasedOnRoughness:1]]
[2020.06.15-18.00.11:101][  0]LogConfig: Setting CVar [[r.ForwardShading:0]]
[2020.06.15-18.00.11:101][  0]LogConfig: Setting CVar [[r.VertexFoggingForOpaque:1]]
[2020.06.15-18.00.11:101][  0]LogConfig: Setting CVar [[r.AllowStaticLighting:1]]
[2020.06.15-18.00.11:101][  0]LogConfig: Setting CVar [[r.NormalMapsForStaticLighting:0]]
[2020.06.15-18.00.11:101][  0]LogConfig: Setting CVar [[r.GenerateMeshDistanceFields:0]]
[2020.06.15-18.00.11:101][  0]LogConfig: Setting CVar [[r.DistanceFieldBuild.EightBit:0]]
[2020.06.15-18.00.11:101][  0]LogConfig: Setting CVar [[r.GenerateLandscapeGIData:0]]
[2020.06.15-18.00.11:101][  0]LogConfig: Setting CVar [[r.DistanceFieldBuild.Compress:0]]
[2020.06.15-18.00.11:101][  0]LogConfig: Setting CVar [[r.TessellationAdaptivePixelsPerTriangle:48.000000]]
[2020.06.15-18.00.11:101][  0]LogConfig: Setting CVar [[r.SeparateTranslucency:1]]
[2020.06.15-18.00.11:101][  0]LogConfig: Setting CVar [[r.TranslucentSortPolicy:0]]
[2020.06.15-18.00.11:101][  0]LogConfig: Setting CVar [[r.CustomDepth:1]]
[2020.06.15-18.00.11:101][  0]LogConfig: Setting CVar [[r.CustomDepthTemporalAAJitter:1]]
[2020.06.15-18.00.11:101][  0]LogConfig: Setting CVar [[r.PostProcessing.PropagateAlpha:0]]
[2020.06.15-18.00.11:101][  0]LogConfig: Setting CVar [[r.DefaultFeature.Bloom:1]]
[2020.06.15-18.00.11:101][  0]LogConfig: Setting CVar [[r.DefaultFeature.AmbientOcclusion:1]]
[2020.06.15-18.00.11:101][  0]LogConfig: Setting CVar [[r.DefaultFeature.AmbientOcclusionStaticFraction:1]]
[2020.06.15-18.00.11:101][  0]LogConfig: Setting CVar [[r.DefaultFeature.AutoExposure:0]]
[2020.06.15-18.00.11:101][  0]LogConfig: Setting CVar [[r.DefaultFeature.AutoExposure.Method:0]]
[2020.06.15-18.00.11:101][  0]LogConfig: Setting CVar [[r.DefaultFeature.AutoExposure.Bias:1.000000]]
[2020.06.15-18.00.11:101][  0]LogConfig: Setting CVar [[r.DefaultFeature.AutoExposure.ExtendDefaultLuminanceRange:0]]
[2020.06.15-18.00.11:101][  0]LogConfig: Setting CVar [[r.UsePreExposure:1]]
[2020.06.15-18.00.11:101][  0]LogConfig: Setting CVar [[r.EyeAdaptation.EditorOnly:0]]
[2020.06.15-18.00.11:101][  0]LogConfig: Setting CVar [[r.DefaultFeature.MotionBlur:0]]
[2020.06.15-18.00.11:101][  0]LogConfig: Setting CVar [[r.DefaultFeature.LensFlare:0]]
[2020.06.15-18.00.11:101][  0]LogConfig: Setting CVar [[r.TemporalAA.Upsampling:0]]
[2020.06.15-18.00.11:101][  0]LogConfig: Setting CVar [[r.SSGI.Enable:0]]
[2020.06.15-18.00.11:101][  0]LogConfig: Setting CVar [[r.DefaultFeature.AntiAliasing:0]]
[2020.06.15-18.00.11:101][  0]LogConfig: Setting CVar [[r.DefaultFeature.LightUnits:1]]
[2020.06.15-18.00.11:101][  0]LogConfig: Setting CVar [[r.DefaultBackBufferPixelFormat:4]]
[2020.06.15-18.00.11:101][  0]LogConfig: Setting CVar [[r.Shadow.UnbuiltPreviewInGame:1]]
[2020.06.15-18.00.11:102][  0]LogConfig: Setting CVar [[r.StencilForLODDither:0]]
[2020.06.15-18.00.11:102][  0]LogConfig: Setting CVar [[r.EarlyZPass:3]]
[2020.06.15-18.00.11:102][  0]LogConfig: Setting CVar [[r.EarlyZPassOnlyMaterialMasking:0]]
[2020.06.15-18.00.11:102][  0]LogConfig: Setting CVar [[r.DBuffer:1]]
[2020.06.15-18.00.11:102][  0]LogConfig: Setting CVar [[r.ClearSceneMethod:1]]
[2020.06.15-18.00.11:102][  0]LogConfig: Setting CVar [[r.BasePassOutputsVelocity:0]]
[2020.06.15-18.00.11:102][  0]LogConfig: Setting CVar [[r.VertexDeformationOutputsVelocity:0]]
[2020.06.15-18.00.11:102][  0]LogConfig: Setting CVar [[r.SelectiveBasePassOutputs:0]]
[2020.06.15-18.00.11:102][  0]LogConfig: Setting CVar [[fx.GPUSimulationTextureSizeX:1024]]
[2020.06.15-18.00.11:102][  0]LogConfig: Setting CVar [[fx.GPUSimulationTextureSizeY:1024]]
[2020.06.15-18.00.11:102][  0]LogConfig: Setting CVar [[r.AllowGlobalClipPlane:0]]
[2020.06.15-18.00.11:102][  0]LogConfig: Setting CVar [[r.GBufferFormat:1]]
[2020.06.15-18.00.11:102][  0]LogConfig: Setting CVar [[r.MorphTarget.Mode:1]]
[2020.06.15-18.00.11:102][  0]LogConfig: Setting CVar [[vr.InstancedStereo:0]]
[2020.06.15-18.00.11:102][  0]LogConfig: Setting CVar [[r.MobileHDR:1]]
[2020.06.15-18.00.11:102][  0]LogConfig: Setting CVar [[vr.MobileMultiView:0]]
[2020.06.15-18.00.11:102][  0]LogConfig: Setting CVar [[r.Mobile.UseHWsRGBEncoding:0]]
[2020.06.15-18.00.11:102][  0]LogConfig: Setting CVar [[vr.RoundRobinOcclusion:0]]
[2020.06.15-18.00.11:102][  0]LogConfig: Setting CVar [[vr.ODSCapture:0]]
[2020.06.15-18.00.11:102][  0]LogConfig: Setting CVar [[r.MeshStreaming:0]]
[2020.06.15-18.00.11:102][  0]LogConfig: Setting CVar [[r.WireframeCullThreshold:5.000000]]
[2020.06.15-18.00.11:102][  0]LogConfig: Setting CVar [[r.RayTracing:0]]
[2020.06.15-18.00.11:102][  0]LogConfig: Setting CVar [[r.RayTracing.UseTextureLod:0]]
[2020.06.15-18.00.11:102][  0]LogConfig: Setting CVar [[r.SupportStationarySkylight:1]]
[2020.06.15-18.00.11:102][  0]LogConfig: Setting CVar [[r.SupportLowQualityLightmaps:1]]
[2020.06.15-18.00.11:102][  0]LogConfig: Setting CVar [[r.SupportPointLightWholeSceneShadows:1]]
[2020.06.15-18.00.11:102][  0]LogConfig: Setting CVar [[r.SupportAtmosphericFog:1]]
[2020.06.15-18.00.11:102][  0]LogConfig: Setting CVar [[r.SupportSkyAtmosphere:1]]
[2020.06.15-18.00.11:102][  0]LogConfig: Setting CVar [[r.SupportSkyAtmosphereAffectsHeightFog:0]]
[2020.06.15-18.00.11:102][  0]LogConfig: Setting CVar [[r.SkinCache.CompileShaders:0]]
[2020.06.15-18.00.11:102][  0]LogConfig: Setting CVar [[r.SkinCache.DefaultBehavior:1]]
[2020.06.15-18.00.11:102][  0]LogConfig: Setting CVar [[r.SkinCache.SceneMemoryLimitInMB:128.000000]]
[2020.06.15-18.00.11:102][  0]LogConfig: Setting CVar [[r.Mobile.EnableStaticAndCSMShadowReceivers:1]]
[2020.06.15-18.00.11:102][  0]LogConfig: Setting CVar [[r.Mobile.EnableMovableLightCSMShaderCulling:1]]
[2020.06.15-18.00.11:102][  0]LogConfig: Setting CVar [[r.Mobile.AllowDistanceFieldShadows:1]]
[2020.06.15-18.00.11:102][  0]LogConfig: Setting CVar [[r.Mobile.AllowMovableDirectionalLights:1]]
[2020.06.15-18.00.11:102][  0]LogConfig: Setting CVar [[r.MobileNumDynamicPointLights:4]]
[2020.06.15-18.00.11:102][  0]LogConfig: Setting CVar [[r.MobileDynamicPointLightsUseStaticBranch:1]]
[2020.06.15-18.00.11:102][  0]LogConfig: Setting CVar [[r.Mobile.EnableMovableSpotlights:0]]
[2020.06.15-18.00.11:102][  0]LogConfig: Setting CVar [[r.GPUSkin.Support16BitBoneIndex:0]]
[2020.06.15-18.00.11:102][  0]LogConfig: Setting CVar [[r.GPUSkin.Limit2BoneInfluences:0]]
[2020.06.15-18.00.11:102][  0]LogConfig: Setting CVar [[r.SupportDepthOnlyIndexBuffers:1]]
[2020.06.15-18.00.11:102][  0]LogConfig: Setting CVar [[r.SupportReversedIndexBuffers:1]]
[2020.06.15-18.00.11:102][  0]LogConfig: Setting CVar [[r.SupportMaterialLayers:0]]
[2020.06.15-18.00.11:102][  0]LogConfig: Setting CVar [[r.LightPropagationVolume:0]]
[2020.06.15-18.00.11:102][  0]LogConfig: Applying CVar settings from Section [/Script/Engine.RendererOverrideSettings] File [E:/Game_jam/homeJam_AGAIN/Connections/Connections_UE/Saved/Config/Windows/Engine.ini]
[2020.06.15-18.00.11:102][  0]LogConfig: Applying CVar settings from Section [/Script/Engine.StreamingSettings] File [E:/Game_jam/homeJam_AGAIN/Connections/Connections_UE/Saved/Config/Windows/Engine.ini]
[2020.06.15-18.00.11:102][  0]LogConfig: Setting CVar [[s.MinBulkDataSizeForAsyncLoading:131072]]
[2020.06.15-18.00.11:102][  0]LogConfig: Setting CVar [[s.AsyncLoadingThreadEnabled:0]]
[2020.06.15-18.00.11:102][  0]LogConfig: Setting CVar [[s.EventDrivenLoaderEnabled:1]]
[2020.06.15-18.00.11:103][  0]LogConfig: Setting CVar [[s.WarnIfTimeLimitExceeded:0]]
[2020.06.15-18.00.11:103][  0]LogConfig: Setting CVar [[s.TimeLimitExceededMultiplier:1.5]]
[2020.06.15-18.00.11:103][  0]LogConfig: Setting CVar [[s.TimeLimitExceededMinTime:0.005]]
[2020.06.15-18.00.11:103][  0]LogConfig: Setting CVar [[s.UseBackgroundLevelStreaming:1]]
[2020.06.15-18.00.11:103][  0]LogConfig: Setting CVar [[s.PriorityAsyncLoadingExtraTime:15.0]]
[2020.06.15-18.00.11:103][  0]LogConfig: Setting CVar [[s.LevelStreamingActorsUpdateTimeLimit:5.0]]
[2020.06.15-18.00.11:103][  0]LogConfig: Setting CVar [[s.PriorityLevelStreamingActorsUpdateExtraTime:5.0]]
[2020.06.15-18.00.11:103][  0]LogConfig: Setting CVar [[s.LevelStreamingComponentsRegistrationGranularity:10]]
[2020.06.15-18.00.11:103][  0]LogConfig: Setting CVar [[s.UnregisterComponentsTimeLimit:1.0]]
[2020.06.15-18.00.11:103][  0]LogConfig: Setting CVar [[s.LevelStreamingComponentsUnregistrationGranularity:5]]
[2020.06.15-18.00.11:103][  0]LogConfig: Setting CVar [[s.FlushStreamingOnExit:1]]
[2020.06.15-18.00.11:103][  0]LogConfig: Applying CVar settings from Section [/Script/Engine.GarbageCollectionSettings] File [E:/Game_jam/homeJam_AGAIN/Connections/Connections_UE/Saved/Config/Windows/Engine.ini]
[2020.06.15-18.00.11:103][  0]LogConfig: Setting CVar [[gc.MaxObjectsNotConsideredByGC:1]]
[2020.06.15-18.00.11:103][  0]LogConfig: Setting CVar [[gc.SizeOfPermanentObjectPool:0]]
[2020.06.15-18.00.11:103][  0]LogConfig: Setting CVar [[gc.FlushStreamingOnGC:0]]
[2020.06.15-18.00.11:103][  0]LogConfig: Setting CVar [[gc.NumRetriesBeforeForcingGC:10]]
[2020.06.15-18.00.11:103][  0]LogConfig: Setting CVar [[gc.AllowParallelGC:1]]
[2020.06.15-18.00.11:103][  0]LogConfig: Setting CVar [[gc.TimeBetweenPurgingPendingKillObjects:61.1]]
[2020.06.15-18.00.11:103][  0]LogConfig: Setting CVar [[gc.MaxObjectsInEditor:25165824]]
[2020.06.15-18.00.11:103][  0]LogConfig: Setting CVar [[gc.IncrementalBeginDestroyEnabled:1]]
[2020.06.15-18.00.11:103][  0]LogConfig: Setting CVar [[gc.CreateGCClusters:1]]
[2020.06.15-18.00.11:103][  0]LogConfig: Setting CVar [[gc.MinGCClusterSize:5]]
[2020.06.15-18.00.11:103][  0]LogConfig: Setting CVar [[gc.ActorClusteringEnabled:0]]
[2020.06.15-18.00.11:103][  0]LogConfig: Setting CVar [[gc.BlueprintClusteringEnabled:0]]
[2020.06.15-18.00.11:103][  0]LogConfig: Setting CVar [[gc.UseDisregardForGCOnDedicatedServers:0]]
[2020.06.15-18.00.11:103][  0]LogConfig: Applying CVar settings from Section [/Script/Engine.NetworkSettings] File [E:/Game_jam/homeJam_AGAIN/Connections/Connections_UE/Saved/Config/Windows/Engine.ini]
[2020.06.15-18.00.11:103][  0]LogConfig: Applying CVar settings from Section [/Script/UnrealEd.CookerSettings] File [E:/Game_jam/homeJam_AGAIN/Connections/Connections_UE/Saved/Config/Windows/Engine.ini]
[2020.06.15-18.00.11:109][  0]LogConfig: Applying CVar settings from Section [ViewDistanceQuality@3] File [E:/Game_jam/homeJam_AGAIN/Connections/Connections_UE/Saved/Config/Windows/Scalability.ini]
[2020.06.15-18.00.11:109][  0]LogConfig: Setting CVar [[r.SkeletalMeshLODBias:0]]
[2020.06.15-18.00.11:109][  0]LogConfig: Setting CVar [[r.ViewDistanceScale:1.0]]
[2020.06.15-18.00.11:109][  0]LogConfig: Applying CVar settings from Section [AntiAliasingQuality@3] File [E:/Game_jam/homeJam_AGAIN/Connections/Connections_UE/Saved/Config/Windows/Scalability.ini]
[2020.06.15-18.00.11:109][  0]LogConfig: Setting CVar [[r.PostProcessAAQuality:4]]
[2020.06.15-18.00.11:109][  0]LogConfig: Applying CVar settings from Section [ShadowQuality@3] File [E:/Game_jam/homeJam_AGAIN/Connections/Connections_UE/Saved/Config/Windows/Scalability.ini]
[2020.06.15-18.00.11:110][  0]LogConfig: Setting CVar [[r.LightFunctionQuality:1]]
[2020.06.15-18.00.11:110][  0]LogConfig: Setting CVar [[r.ShadowQuality:5]]
[2020.06.15-18.00.11:110][  0]LogConfig: Setting CVar [[r.Shadow.CSM.MaxCascades:10]]
[2020.06.15-18.00.11:110][  0]LogConfig: Setting CVar [[r.Shadow.MaxResolution:2048]]
[2020.06.15-18.00.11:110][  0]LogConfig: Setting CVar [[r.Shadow.MaxCSMResolution:2048]]
[2020.06.15-18.00.11:110][  0]LogConfig: Setting CVar [[r.Shadow.RadiusThreshold:0.01]]
[2020.06.15-18.00.11:110][  0]LogConfig: Setting CVar [[r.Shadow.DistanceScale:1.0]]
[2020.06.15-18.00.11:110][  0]LogConfig: Setting CVar [[r.Shadow.CSM.TransitionScale:1.0]]
[2020.06.15-18.00.11:110][  0]LogConfig: Setting CVar [[r.Shadow.PreShadowResolutionFactor:1.0]]
[2020.06.15-18.00.11:110][  0]LogConfig: Setting CVar [[r.DistanceFieldShadowing:1]]
[2020.06.15-18.00.11:110][  0]LogConfig: Setting CVar [[r.DistanceFieldAO:1]]
[2020.06.15-18.00.11:110][  0]LogConfig: Setting CVar [[r.AOQuality:2]]
[2020.06.15-18.00.11:110][  0]LogConfig: Setting CVar [[r.VolumetricFog:1]]
[2020.06.15-18.00.11:110][  0]LogConfig: Setting CVar [[r.VolumetricFog.GridPixelSize:8]]
[2020.06.15-18.00.11:110][  0]LogConfig: Setting CVar [[r.VolumetricFog.GridSizeZ:128]]
[2020.06.15-18.00.11:110][  0]LogConfig: Setting CVar [[r.VolumetricFog.HistoryMissSupersampleCount:4]]
[2020.06.15-18.00.11:110][  0]LogConfig: Setting CVar [[r.LightMaxDrawDistanceScale:1]]
[2020.06.15-18.00.11:110][  0]LogConfig: Setting CVar [[r.CapsuleShadows:1]]
[2020.06.15-18.00.11:110][  0]LogConfig: Applying CVar settings from Section [PostProcessQuality@3] File [E:/Game_jam/homeJam_AGAIN/Connections/Connections_UE/Saved/Config/Windows/Scalability.ini]
[2020.06.15-18.00.11:110][  0]LogConfig: Setting CVar [[r.MotionBlurQuality:4]]
[2020.06.15-18.00.11:110][  0]LogConfig: Setting CVar [[r.AmbientOcclusionMipLevelFactor:0.4]]
[2020.06.15-18.00.11:110][  0]LogConfig: Setting CVar [[r.AmbientOcclusionMaxQuality:100]]
[2020.06.15-18.00.11:110][  0]LogConfig: Setting CVar [[r.AmbientOcclusionLevels:-1]]
[2020.06.15-18.00.11:110][  0]LogConfig: Setting CVar [[r.AmbientOcclusionRadiusScale:1.0]]
[2020.06.15-18.00.11:110][  0]LogConfig: Setting CVar [[r.DepthOfFieldQuality:2]]
[2020.06.15-18.00.11:110][  0]LogConfig: Setting CVar [[r.RenderTargetPoolMin:400]]
[2020.06.15-18.00.11:110][  0]LogConfig: Setting CVar [[r.LensFlareQuality:2]]
[2020.06.15-18.00.11:110][  0]LogConfig: Setting CVar [[r.SceneColorFringeQuality:1]]
[2020.06.15-18.00.11:111][  0]LogConfig: Setting CVar [[r.EyeAdaptationQuality:2]]
[2020.06.15-18.00.11:111][  0]LogConfig: Setting CVar [[r.BloomQuality:5]]
[2020.06.15-18.00.11:111][  0]LogConfig: Setting CVar [[r.FastBlurThreshold:100]]
[2020.06.15-18.00.11:111][  0]LogConfig: Setting CVar [[r.Upscale.Quality:3]]
[2020.06.15-18.00.11:111][  0]LogConfig: Setting CVar [[r.Tonemapper.GrainQuantization:1]]
[2020.06.15-18.00.11:111][  0]LogConfig: Setting CVar [[r.LightShaftQuality:1]]
[2020.06.15-18.00.11:111][  0]LogConfig: Setting CVar [[r.Filter.SizeScale:1]]
[2020.06.15-18.00.11:111][  0]LogConfig: Setting CVar [[r.Tonemapper.Quality:5]]
[2020.06.15-18.00.11:111][  0]LogConfig: Setting CVar [[r.DOF.Gather.AccumulatorQuality:1        ; higher gathering accumulator quality]]
[2020.06.15-18.00.11:111][  0]LogConfig: Setting CVar [[r.DOF.Gather.PostfilterMethod:1          ; Median3x3 postfilering method]]
[2020.06.15-18.00.11:111][  0]LogConfig: Setting CVar [[r.DOF.Gather.EnableBokehSettings:0       ; no bokeh simulation when gathering]]
[2020.06.15-18.00.11:111][  0]LogConfig: Setting CVar [[r.DOF.Gather.RingCount:4                 ; medium number of samples when gathering]]
[2020.06.15-18.00.11:111][  0]LogConfig: Setting CVar [[r.DOF.Scatter.ForegroundCompositing:1    ; additive foreground scattering]]
[2020.06.15-18.00.11:111][  0]LogConfig: Setting CVar [[r.DOF.Scatter.BackgroundCompositing:2    ; additive background scattering]]
[2020.06.15-18.00.11:111][  0]LogConfig: Setting CVar [[r.DOF.Scatter.EnableBokehSettings:1      ; bokeh simulation when scattering]]
[2020.06.15-18.00.11:111][  0]LogConfig: Setting CVar [[r.DOF.Scatter.MaxSpriteRatio:0.1         ; only a maximum of 10% of scattered bokeh]]
[2020.06.15-18.00.11:111][  0]LogConfig: Setting CVar [[r.DOF.Recombine.Quality:1                ; cheap slight out of focus]]
[2020.06.15-18.00.11:111][  0]LogConfig: Setting CVar [[r.DOF.Recombine.EnableBokehSettings:0    ; no bokeh simulation on slight out of focus]]
[2020.06.15-18.00.11:111][  0]LogConfig: Setting CVar [[r.DOF.TemporalAAQuality:1                ; more stable temporal accumulation]]
[2020.06.15-18.00.11:111][  0]LogConfig: Setting CVar [[r.DOF.Kernel.MaxForegroundRadius:0.025]]
[2020.06.15-18.00.11:111][  0]LogConfig: Setting CVar [[r.DOF.Kernel.MaxBackgroundRadius:0.025]]
[2020.06.15-18.00.11:111][  0]LogConfig: Applying CVar settings from Section [TextureQuality@3] File [E:/Game_jam/homeJam_AGAIN/Connections/Connections_UE/Saved/Config/Windows/Scalability.ini]
[2020.06.15-18.00.11:111][  0]LogConfig: Setting CVar [[r.Streaming.MipBias:0]]
[2020.06.15-18.00.11:111][  0]LogConfig: Setting CVar [[r.Streaming.AmortizeCPUToGPUCopy:0]]
[2020.06.15-18.00.11:111][  0]LogConfig: Setting CVar [[r.Streaming.MaxNumTexturesToStreamPerFrame:0]]
[2020.06.15-18.00.11:111][  0]LogConfig: Setting CVar [[r.Streaming.Boost:1]]
[2020.06.15-18.00.11:111][  0]LogConfig: Setting CVar [[r.MaxAnisotropy:8]]
[2020.06.15-18.00.11:111][  0]LogConfig: Setting CVar [[r.VT.MaxAnisotropy:8]]
[2020.06.15-18.00.11:111][  0]LogConfig: Setting CVar [[r.Streaming.LimitPoolSizeToVRAM:0]]
[2020.06.15-18.00.11:111][  0]LogConfig: Setting CVar [[r.Streaming.PoolSize:1000]]
[2020.06.15-18.00.11:111][  0]LogConfig: Setting CVar [[r.Streaming.MaxEffectiveScreenSize:0]]
[2020.06.15-18.00.11:111][  0]LogConfig: Applying CVar settings from Section [EffectsQuality@3] File [E:/Game_jam/homeJam_AGAIN/Connections/Connections_UE/Saved/Config/Windows/Scalability.ini]
[2020.06.15-18.00.11:111][  0]LogConfig: Setting CVar [[r.TranslucencyLightingVolumeDim:64]]
[2020.06.15-18.00.11:111][  0]LogConfig: Setting CVar [[r.RefractionQuality:2]]
[2020.06.15-18.00.11:111][  0]LogConfig: Setting CVar [[r.SSR.Quality:3]]
[2020.06.15-18.00.11:111][  0]LogConfig: Setting CVar [[r.SSR.HalfResSceneColor:0]]
[2020.06.15-18.00.11:111][  0]LogConfig: Setting CVar [[r.SceneColorFormat:4]]
[2020.06.15-18.00.11:112][  0]LogConfig: Setting CVar [[r.DetailMode:2]]
[2020.06.15-18.00.11:112][  0]LogConfig: Setting CVar [[r.TranslucencyVolumeBlur:1]]
[2020.06.15-18.00.11:112][  0]LogConfig: Setting CVar [[r.MaterialQualityLevel:1 ; High quality]]
[2020.06.15-18.00.11:112][  0]LogConfig: Setting CVar [[r.SSS.Scale:1]]
[2020.06.15-18.00.11:112][  0]LogConfig: Setting CVar [[r.SSS.SampleSet:2]]
[2020.06.15-18.00.11:112][  0]LogConfig: Setting CVar [[r.SSS.Quality:1]]
[2020.06.15-18.00.11:112][  0]LogConfig: Setting CVar [[r.SSS.HalfRes:0]]
[2020.06.15-18.00.11:112][  0]LogConfig: Setting CVar [[r.SSGI.Quality:3]]
[2020.06.15-18.00.11:112][  0]LogConfig: Setting CVar [[r.EmitterSpawnRateScale:1.0]]
[2020.06.15-18.00.11:112][  0]LogConfig: Setting CVar [[r.ParticleLightQuality:2]]
[2020.06.15-18.00.11:112][  0]LogConfig: Setting CVar [[r.SkyAtmosphere.AerialPerspectiveLUT.FastApplyOnOpaque:1 ; Always have FastSkyLUT 1 in this case to avoid wrong sky]]
[2020.06.15-18.00.11:112][  0]LogConfig: Setting CVar [[r.SkyAtmosphere.AerialPerspectiveLUT.SampleCountPerSlice:1]]
[2020.06.15-18.00.11:112][  0]LogConfig: Setting CVar [[r.SkyAtmosphere.AerialPerspectiveLUT.DepthResolution:16.0]]
[2020.06.15-18.00.11:112][  0]LogConfig: Setting CVar [[r.SkyAtmosphere.FastSkyLUT:1]]
[2020.06.15-18.00.11:112][  0]LogConfig: Setting CVar [[r.SkyAtmosphere.FastSkyLUT.SampleCountMin:4.0]]
[2020.06.15-18.00.11:112][  0]LogConfig: Setting CVar [[r.SkyAtmosphere.FastSkyLUT.SampleCountMax:32.0]]
[2020.06.15-18.00.11:112][  0]LogConfig: Setting CVar [[r.SkyAtmosphere.SampleCountMin:4.0]]
[2020.06.15-18.00.11:112][  0]LogConfig: Setting CVar [[r.SkyAtmosphere.SampleCountMax:32.0]]
[2020.06.15-18.00.11:112][  0]LogConfig: Setting CVar [[r.SkyAtmosphere.TransmittanceLUT.UseSmallFormat:0]]
[2020.06.15-18.00.11:112][  0]LogConfig: Setting CVar [[r.SkyAtmosphere.TransmittanceLUT.SampleCount:10.0]]
[2020.06.15-18.00.11:112][  0]LogConfig: Setting CVar [[r.SkyAtmosphere.MultiScatteringLUT.SampleCount:15.0]]
[2020.06.15-18.00.11:112][  0]LogConfig: Applying CVar settings from Section [FoliageQuality@3] File [E:/Game_jam/homeJam_AGAIN/Connections/Connections_UE/Saved/Config/Windows/Scalability.ini]
[2020.06.15-18.00.11:112][  0]LogConfig: Setting CVar [[foliage.DensityScale:1.0]]
[2020.06.15-18.00.11:112][  0]LogConfig: Setting CVar [[grass.DensityScale:1.0]]
[2020.06.15-18.00.11:112][  0]LogConfig: Applying CVar settings from Section [ShadingQuality@3] File [E:/Game_jam/homeJam_AGAIN/Connections/Connections_UE/Saved/Config/Windows/Scalability.ini]
[2020.06.15-18.00.11:112][  0]LogConfig: Setting CVar [[r.HairStrands.SkyLighting.SampleCount:16]]
[2020.06.15-18.00.11:112][  0]LogConfig: Setting CVar [[r.HairStrands.SkyLighting.JitterIntegration:0]]
[2020.06.15-18.00.11:112][  0]LogConfig: Setting CVar [[r.HairStrands.SkyAO.SampleCount:16]]
[2020.06.15-18.00.11:112][  0]LogConfig: Setting CVar [[r.HairStrands.DeepShadow.SuperSampling:0]]
[2020.06.15-18.00.11:112][  0]LogConfig: Setting CVar [[r.HairStrands.VisibilityPPLL:0]]
[2020.06.15-18.00.11:112][  0]LogConfig: Setting CVar [[r.HairStrands.RasterizationScale:0.5]]
[2020.06.15-18.00.11:112][  0]LogConfig: Setting CVar [[r.HairStrands.VelocityRasterizationScale:1]]
[2020.06.15-18.00.11:112][  0]LogInit: Selected Device Profile: [Windows]
[2020.06.15-18.00.11:113][  0]LogInit: Applying CVar settings loaded from the selected device profile: [Windows]
[2020.06.15-18.00.11:113][  0]LogHAL: Display: Platform has ~ 16 GB [17135464448 / 17179869184 / 16], which maps to Larger [LargestMinGB=32, LargerMinGB=12, DefaultMinGB=8, SmallerMinGB=6, SmallestMinGB=0)
[2020.06.15-18.00.11:113][  0]LogInit: Going up to parent DeviceProfile []
[2020.06.15-18.00.11:113][  0]LogConfig: Applying CVar settings from Section [ViewDistanceQuality@3] File [E:/Game_jam/homeJam_AGAIN/Connections/Connections_UE/Saved/Config/Windows/Scalability.ini]
[2020.06.15-18.00.11:113][  0]LogConfig: Setting CVar [[r.SkeletalMeshLODBias:0]]
[2020.06.15-18.00.11:113][  0]LogConfig: Setting CVar [[r.ViewDistanceScale:1.0]]
[2020.06.15-18.00.11:113][  0]LogConfig: Applying CVar settings from Section [AntiAliasingQuality@3] File [E:/Game_jam/homeJam_AGAIN/Connections/Connections_UE/Saved/Config/Windows/Scalability.ini]
[2020.06.15-18.00.11:113][  0]LogConfig: Setting CVar [[r.PostProcessAAQuality:4]]
[2020.06.15-18.00.11:113][  0]LogConfig: Applying CVar settings from Section [ShadowQuality@3] File [E:/Game_jam/homeJam_AGAIN/Connections/Connections_UE/Saved/Config/Windows/Scalability.ini]
[2020.06.15-18.00.11:113][  0]LogConfig: Setting CVar [[r.LightFunctionQuality:1]]
[2020.06.15-18.00.11:113][  0]LogConfig: Setting CVar [[r.ShadowQuality:5]]
[2020.06.15-18.00.11:113][  0]LogConfig: Setting CVar [[r.Shadow.CSM.MaxCascades:10]]
[2020.06.15-18.00.11:113][  0]LogConfig: Setting CVar [[r.Shadow.MaxResolution:2048]]
[2020.06.15-18.00.11:113][  0]LogConfig: Setting CVar [[r.Shadow.MaxCSMResolution:2048]]
[2020.06.15-18.00.11:113][  0]LogConfig: Setting CVar [[r.Shadow.RadiusThreshold:0.01]]
[2020.06.15-18.00.11:113][  0]LogConfig: Setting CVar [[r.Shadow.DistanceScale:1.0]]
[2020.06.15-18.00.11:113][  0]LogConfig: Setting CVar [[r.Shadow.CSM.TransitionScale:1.0]]
[2020.06.15-18.00.11:113][  0]LogConfig: Setting CVar [[r.Shadow.PreShadowResolutionFactor:1.0]]
[2020.06.15-18.00.11:113][  0]LogConfig: Setting CVar [[r.DistanceFieldShadowing:1]]
[2020.06.15-18.00.11:113][  0]LogConfig: Setting CVar [[r.DistanceFieldAO:1]]
[2020.06.15-18.00.11:113][  0]LogConfig: Setting CVar [[r.AOQuality:2]]
[2020.06.15-18.00.11:113][  0]LogConfig: Setting CVar [[r.VolumetricFog:1]]
[2020.06.15-18.00.11:113][  0]LogConfig: Setting CVar [[r.VolumetricFog.GridPixelSize:8]]
[2020.06.15-18.00.11:113][  0]LogConfig: Setting CVar [[r.VolumetricFog.GridSizeZ:128]]
[2020.06.15-18.00.11:113][  0]LogConfig: Setting CVar [[r.VolumetricFog.HistoryMissSupersampleCount:4]]
[2020.06.15-18.00.11:113][  0]LogConfig: Setting CVar [[r.LightMaxDrawDistanceScale:1]]
[2020.06.15-18.00.11:113][  0]LogConfig: Setting CVar [[r.CapsuleShadows:1]]
[2020.06.15-18.00.11:113][  0]LogConfig: Applying CVar settings from Section [PostProcessQuality@3] File [E:/Game_jam/homeJam_AGAIN/Connections/Connections_UE/Saved/Config/Windows/Scalability.ini]
[2020.06.15-18.00.11:113][  0]LogConfig: Setting CVar [[r.MotionBlurQuality:4]]
[2020.06.15-18.00.11:113][  0]LogConfig: Setting CVar [[r.AmbientOcclusionMipLevelFactor:0.4]]
[2020.06.15-18.00.11:113][  0]LogConfig: Setting CVar [[r.AmbientOcclusionMaxQuality:100]]
[2020.06.15-18.00.11:113][  0]LogConfig: Setting CVar [[r.AmbientOcclusionLevels:-1]]
[2020.06.15-18.00.11:113][  0]LogConfig: Setting CVar [[r.AmbientOcclusionRadiusScale:1.0]]
[2020.06.15-18.00.11:114][  0]LogConfig: Setting CVar [[r.DepthOfFieldQuality:2]]
[2020.06.15-18.00.11:114][  0]LogConfig: Setting CVar [[r.RenderTargetPoolMin:400]]
[2020.06.15-18.00.11:114][  0]LogConfig: Setting CVar [[r.LensFlareQuality:2]]
[2020.06.15-18.00.11:114][  0]LogConfig: Setting CVar [[r.SceneColorFringeQuality:1]]
[2020.06.15-18.00.11:114][  0]LogConfig: Setting CVar [[r.EyeAdaptationQuality:2]]
[2020.06.15-18.00.11:114][  0]LogConfig: Setting CVar [[r.BloomQuality:5]]
[2020.06.15-18.00.11:114][  0]LogConfig: Setting CVar [[r.FastBlurThreshold:100]]
[2020.06.15-18.00.11:114][  0]LogConfig: Setting CVar [[r.Upscale.Quality:3]]
[2020.06.15-18.00.11:114][  0]LogConfig: Setting CVar [[r.Tonemapper.GrainQuantization:1]]
[2020.06.15-18.00.11:114][  0]LogConfig: Setting CVar [[r.LightShaftQuality:1]]
[2020.06.15-18.00.11:114][  0]LogConfig: Setting CVar [[r.Filter.SizeScale:1]]
[2020.06.15-18.00.11:114][  0]LogConfig: Setting CVar [[r.Tonemapper.Quality:5]]
[2020.06.15-18.00.11:114][  0]LogConfig: Setting CVar [[r.DOF.Gather.AccumulatorQuality:1        ; higher gathering accumulator quality]]
[2020.06.15-18.00.11:114][  0]LogConfig: Setting CVar [[r.DOF.Gather.PostfilterMethod:1          ; Median3x3 postfilering method]]
[2020.06.15-18.00.11:114][  0]LogConfig: Setting CVar [[r.DOF.Gather.EnableBokehSettings:0       ; no bokeh simulation when gathering]]
[2020.06.15-18.00.11:114][  0]LogConfig: Setting CVar [[r.DOF.Gather.RingCount:4                 ; medium number of samples when gathering]]
[2020.06.15-18.00.11:114][  0]LogConfig: Setting CVar [[r.DOF.Scatter.ForegroundCompositing:1    ; additive foreground scattering]]
[2020.06.15-18.00.11:114][  0]LogConfig: Setting CVar [[r.DOF.Scatter.BackgroundCompositing:2    ; additive background scattering]]
[2020.06.15-18.00.11:114][  0]LogConfig: Setting CVar [[r.DOF.Scatter.EnableBokehSettings:1      ; bokeh simulation when scattering]]
[2020.06.15-18.00.11:114][  0]LogConfig: Setting CVar [[r.DOF.Scatter.MaxSpriteRatio:0.1         ; only a maximum of 10% of scattered bokeh]]
[2020.06.15-18.00.11:114][  0]LogConfig: Setting CVar [[r.DOF.Recombine.Quality:1                ; cheap slight out of focus]]
[2020.06.15-18.00.11:114][  0]LogConfig: Setting CVar [[r.DOF.Recombine.EnableBokehSettings:0    ; no bokeh simulation on slight out of focus]]
[2020.06.15-18.00.11:114][  0]LogConfig: Setting CVar [[r.DOF.TemporalAAQuality:1                ; more stable temporal accumulation]]
[2020.06.15-18.00.11:114][  0]LogConfig: Setting CVar [[r.DOF.Kernel.MaxForegroundRadius:0.025]]
[2020.06.15-18.00.11:114][  0]LogConfig: Setting CVar [[r.DOF.Kernel.MaxBackgroundRadius:0.025]]
[2020.06.15-18.00.11:114][  0]LogConfig: Applying CVar settings from Section [TextureQuality@3] File [E:/Game_jam/homeJam_AGAIN/Connections/Connections_UE/Saved/Config/Windows/Scalability.ini]
[2020.06.15-18.00.11:114][  0]LogConfig: Setting CVar [[r.Streaming.MipBias:0]]
[2020.06.15-18.00.11:114][  0]LogConfig: Setting CVar [[r.Streaming.AmortizeCPUToGPUCopy:0]]
[2020.06.15-18.00.11:114][  0]LogConfig: Setting CVar [[r.Streaming.MaxNumTexturesToStreamPerFrame:0]]
[2020.06.15-18.00.11:114][  0]LogConfig: Setting CVar [[r.Streaming.Boost:1]]
[2020.06.15-18.00.11:114][  0]LogConfig: Setting CVar [[r.MaxAnisotropy:8]]
[2020.06.15-18.00.11:114][  0]LogConfig: Setting CVar [[r.VT.MaxAnisotropy:8]]
[2020.06.15-18.00.11:114][  0]LogConfig: Setting CVar [[r.Streaming.LimitPoolSizeToVRAM:0]]
[2020.06.15-18.00.11:115][  0]LogConfig: Setting CVar [[r.Streaming.PoolSize:1000]]
[2020.06.15-18.00.11:115][  0]LogConfig: Setting CVar [[r.Streaming.MaxEffectiveScreenSize:0]]
[2020.06.15-18.00.11:115][  0]LogConfig: Applying CVar settings from Section [EffectsQuality@3] File [E:/Game_jam/homeJam_AGAIN/Connections/Connections_UE/Saved/Config/Windows/Scalability.ini]
[2020.06.15-18.00.11:115][  0]LogConfig: Setting CVar [[r.TranslucencyLightingVolumeDim:64]]
[2020.06.15-18.00.11:115][  0]LogConfig: Setting CVar [[r.RefractionQuality:2]]
[2020.06.15-18.00.11:115][  0]LogConfig: Setting CVar [[r.SSR.Quality:3]]
[2020.06.15-18.00.11:115][  0]LogConfig: Setting CVar [[r.SSR.HalfResSceneColor:0]]
[2020.06.15-18.00.11:115][  0]LogConfig: Setting CVar [[r.SceneColorFormat:4]]
[2020.06.15-18.00.11:115][  0]LogConfig: Setting CVar [[r.DetailMode:2]]
[2020.06.15-18.00.11:115][  0]LogConfig: Setting CVar [[r.TranslucencyVolumeBlur:1]]
[2020.06.15-18.00.11:115][  0]LogConfig: Setting CVar [[r.MaterialQualityLevel:1 ; High quality]]
[2020.06.15-18.00.11:115][  0]LogConfig: Setting CVar [[r.SSS.Scale:1]]
[2020.06.15-18.00.11:115][  0]LogConfig: Setting CVar [[r.SSS.SampleSet:2]]
[2020.06.15-18.00.11:115][  0]LogConfig: Setting CVar [[r.SSS.Quality:1]]
[2020.06.15-18.00.11:115][  0]LogConfig: Setting CVar [[r.SSS.HalfRes:0]]
[2020.06.15-18.00.11:115][  0]LogConfig: Setting CVar [[r.SSGI.Quality:3]]
[2020.06.15-18.00.11:115][  0]LogConfig: Setting CVar [[r.EmitterSpawnRateScale:1.0]]
[2020.06.15-18.00.11:115][  0]LogConfig: Setting CVar [[r.ParticleLightQuality:2]]
[2020.06.15-18.00.11:115][  0]LogConfig: Setting CVar [[r.SkyAtmosphere.AerialPerspectiveLUT.FastApplyOnOpaque:1 ; Always have FastSkyLUT 1 in this case to avoid wrong sky]]
[2020.06.15-18.00.11:115][  0]LogConfig: Setting CVar [[r.SkyAtmosphere.AerialPerspectiveLUT.SampleCountPerSlice:1]]
[2020.06.15-18.00.11:115][  0]LogConfig: Setting CVar [[r.SkyAtmosphere.AerialPerspectiveLUT.DepthResolution:16.0]]
[2020.06.15-18.00.11:115][  0]LogConfig: Setting CVar [[r.SkyAtmosphere.FastSkyLUT:1]]
[2020.06.15-18.00.11:115][  0]LogConfig: Setting CVar [[r.SkyAtmosphere.FastSkyLUT.SampleCountMin:4.0]]
[2020.06.15-18.00.11:115][  0]LogConfig: Setting CVar [[r.SkyAtmosphere.FastSkyLUT.SampleCountMax:32.0]]
[2020.06.15-18.00.11:115][  0]LogConfig: Setting CVar [[r.SkyAtmosphere.SampleCountMin:4.0]]
[2020.06.15-18.00.11:115][  0]LogConfig: Setting CVar [[r.SkyAtmosphere.SampleCountMax:32.0]]
[2020.06.15-18.00.11:115][  0]LogConfig: Setting CVar [[r.SkyAtmosphere.TransmittanceLUT.UseSmallFormat:0]]
[2020.06.15-18.00.11:115][  0]LogConfig: Setting CVar [[r.SkyAtmosphere.TransmittanceLUT.SampleCount:10.0]]
[2020.06.15-18.00.11:115][  0]LogConfig: Setting CVar [[r.SkyAtmosphere.MultiScatteringLUT.SampleCount:15.0]]
[2020.06.15-18.00.11:115][  0]LogConfig: Applying CVar settings from Section [FoliageQuality@3] File [E:/Game_jam/homeJam_AGAIN/Connections/Connections_UE/Saved/Config/Windows/Scalability.ini]
[2020.06.15-18.00.11:115][  0]LogConfig: Setting CVar [[foliage.DensityScale:1.0]]
[2020.06.15-18.00.11:115][  0]LogConfig: Setting CVar [[grass.DensityScale:1.0]]
[2020.06.15-18.00.11:115][  0]LogConfig: Applying CVar settings from Section [ShadingQuality@3] File [E:/Game_jam/homeJam_AGAIN/Connections/Connections_UE/Saved/Config/Windows/Scalability.ini]
[2020.06.15-18.00.11:115][  0]LogConfig: Setting CVar [[r.HairStrands.SkyLighting.SampleCount:16]]
[2020.06.15-18.00.11:115][  0]LogConfig: Setting CVar [[r.HairStrands.SkyLighting.JitterIntegration:0]]
[2020.06.15-18.00.11:115][  0]LogConfig: Setting CVar [[r.HairStrands.SkyAO.SampleCount:16]]
[2020.06.15-18.00.11:115][  0]LogConfig: Setting CVar [[r.HairStrands.DeepShadow.SuperSampling:0]]
[2020.06.15-18.00.11:115][  0]LogConfig: Setting CVar [[r.HairStrands.VisibilityPPLL:0]]
[2020.06.15-18.00.11:115][  0]LogConfig: Setting CVar [[r.HairStrands.RasterizationScale:0.5]]
[2020.06.15-18.00.11:115][  0]LogConfig: Setting CVar [[r.HairStrands.VelocityRasterizationScale:1]]
[2020.06.15-18.00.11:115][  0]LogConfig: Applying CVar settings from Section [Startup] File [../../../Engine/Config/ConsoleVariables.ini]
[2020.06.15-18.00.11:116][  0]LogConfig: Setting CVar [[net.UseAdaptiveNetUpdateFrequency:0]]
[2020.06.15-18.00.11:116][  0]LogConfig: Setting CVar [[p.chaos.AllowCreatePhysxBodies:1]]
[2020.06.15-18.00.11:116][  0]LogConfig: Setting CVar [[fx.SkipVectorVMBackendOptimizations:1]]
[2020.06.15-18.00.11:116][  0]LogConfig: Applying CVar settings from Section [ConsoleVariables] File [E:/Game_jam/homeJam_AGAIN/Connections/Connections_UE/Saved/Config/Windows/Engine.ini]
[2020.06.15-18.00.11:116][  0]LogInit: Computer: JTR-LAPTOP
[2020.06.15-18.00.11:116][  0]LogInit: User: User
[2020.06.15-18.00.11:116][  0]LogInit: CPU Page size=4096, Cores=4
[2020.06.15-18.00.11:116][  0]LogInit: High frequency timer resolution =10.000000 MHz
[2020.06.15-18.00.11:116][  0]LogMemory: Memory total: Physical=16.0GB (16GB approx)
[2020.06.15-18.00.11:116][  0]LogMemory: Platform Memory Stats for Windows
[2020.06.15-18.00.11:116][  0]LogMemory: Process Physical Memory: 114.78 MB used, 114.78 MB peak
[2020.06.15-18.00.11:116][  0]LogMemory: Process Virtual Memory: 96.50 MB used, 96.50 MB peak
[2020.06.15-18.00.11:116][  0]LogMemory: Physical Memory: 7122.75 MB used,  9218.90 MB free, 16341.65 MB total
[2020.06.15-18.00.11:116][  0]LogMemory: Virtual Memory: 5142.30 MB used,  134212584.00 MB free, 134217728.00 MB total
[2020.06.15-18.00.11:126][  0]LogWindows: WindowsPlatformFeatures enabled
[2020.06.15-18.00.11:174][  0]LogInit: Physics initialised using underlying interface: PhysX
[2020.06.15-18.00.11:176][  0]LogInit: Using OS detected language (en-US).
[2020.06.15-18.00.11:176][  0]LogInit: Using OS detected locale (en-US).
[2020.06.15-18.00.11:179][  0]LogTextLocalizationManager: No specific localization for 'en-US' exists, so the 'en' localization will be used.
[2020.06.15-18.00.11:479][  0]LogInit: Setting process to per monitor DPI aware
[2020.06.15-18.00.11:542][  0]LogSlate: New Slate User Created.  User Index 0, Is Virtual User: 0
[2020.06.15-18.00.11:542][  0]LogSlate: Slate User Registered.  User Index 0, Is Virtual User: 0
[2020.06.15-18.00.11:864][  0]LogD3D11RHI: D3D11 min allowed feature level: 11_0
[2020.06.15-18.00.11:864][  0]LogD3D11RHI: D3D11 max allowed feature level: 11_0
[2020.06.15-18.00.11:864][  0]LogD3D11RHI: D3D11 adapters:
[2020.06.15-18.00.11:942][  0]LogD3D11RHI:    0. 'NVIDIA GeForce GTX 1070' (Feature Level 11_0)
[2020.06.15-18.00.11:942][  0]LogD3D11RHI:       8081/0/8170 MB DedicatedVideo/DedicatedSystem/SharedSystem, Outputs:2, VendorId:0x10de
[2020.06.15-18.00.11:945][  0]LogD3D11RHI:    1. 'Microsoft Basic Render Driver' (Feature Level 11_0)
[2020.06.15-18.00.11:945][  0]LogD3D11RHI:       0/0/8170 MB DedicatedVideo/DedicatedSystem/SharedSystem, Outputs:0, VendorId:0x1414
[2020.06.15-18.00.11:945][  0]LogD3D11RHI: Chosen D3D11 Adapter: 0
[2020.06.15-18.00.11:958][  0]LogD3D11RHI: Creating new Direct3DDevice
[2020.06.15-18.00.11:958][  0]LogD3D11RHI:     GPU DeviceId: 0x1be1 (for the marketing name, search the web for "GPU Device Id")
[2020.06.15-18.00.11:958][  0]LogWindows: EnumDisplayDevices:
[2020.06.15-18.00.11:959][  0]LogWindows:    0. 'NVIDIA GeForce GTX 1070' (P:0 D:1)
[2020.06.15-18.00.11:959][  0]LogWindows:    1. 'NVIDIA GeForce GTX 1070' (P:1 D:1)
[2020.06.15-18.00.11:959][  0]LogWindows:    2. 'NVIDIA GeForce GTX 1070' (P:0 D:0)
[2020.06.15-18.00.11:960][  0]LogWindows:    3. 'NVIDIA GeForce GTX 1070' (P:0 D:0)
[2020.06.15-18.00.11:960][  0]LogWindows: DebugString: FoundDriverCount:4 
[2020.06.15-18.00.11:960][  0]LogD3D11RHI:     Adapter Name: NVIDIA GeForce GTX 1070
[2020.06.15-18.00.11:960][  0]LogD3D11RHI:   Driver Version: 450.12 (internal:27.21.14.5012, unified:450.12)
[2020.06.15-18.00.11:960][  0]LogD3D11RHI:      Driver Date: 1-3-2020
[2020.06.15-18.00.11:960][  0]LogRHI: Texture pool is 5656 MB (70% of 8081 MB)
[2020.06.15-18.00.12:017][  0]LogD3D11RHI: RHI has support for 64 bit atomics
[2020.06.15-18.00.12:020][  0]LogD3D11RHI: [Aftermath] Enabled and primed
[2020.06.15-18.00.12:020][  0]LogD3D11RHI: Async texture creation enabled
[2020.06.15-18.00.12:020][  0]LogD3D11RHI: Array index from any shader is supported
[2020.06.15-18.00.12:049][  0]LogD3D11RHI: GPU Timing Frequency: 1000.000000 (Debug: 2 1)
[2020.06.15-18.00.12:834][  0]LogTargetPlatformManager: Display: Loaded TargetPlatform 'AllDesktop'
[2020.06.15-18.00.12:877][  0]LogTargetPlatformManager: Display: Loaded TargetPlatform 'Android'
[2020.06.15-18.00.12:878][  0]LogTargetPlatformManager: Display: Loaded TargetPlatform 'Android_ASTC'
[2020.06.15-18.00.12:878][  0]LogTargetPlatformManager: Display: Loaded TargetPlatform 'Android_DXT'
[2020.06.15-18.00.12:878][  0]LogTargetPlatformManager: Display: Loaded TargetPlatform 'Android_ETC2'
[2020.06.15-18.00.12:878][  0]LogTargetPlatformManager: Display: Loaded TargetPlatform 'AndroidClient'
[2020.06.15-18.00.12:878][  0]LogTargetPlatformManager: Display: Loaded TargetPlatform 'Android_ASTCClient'
[2020.06.15-18.00.12:878][  0]LogTargetPlatformManager: Display: Loaded TargetPlatform 'Android_DXTClient'
[2020.06.15-18.00.12:878][  0]LogTargetPlatformManager: Display: Loaded TargetPlatform 'Android_ETC2Client'
[2020.06.15-18.00.12:878][  0]LogTargetPlatformManager: Display: Loaded TargetPlatform 'Android_Multi'
[2020.06.15-18.00.12:878][  0]LogTargetPlatformManager: Display: Loaded TargetPlatform 'Android_MultiClient'
[2020.06.15-18.00.12:924][  0]LogTargetPlatformManager: Display: Loaded TargetPlatform 'IOSClient'
[2020.06.15-18.00.12:924][  0]LogTargetPlatformManager: Display: Loaded TargetPlatform 'IOS'
[2020.06.15-18.00.12:944][  0]LogTargetPlatformManager: Display: Loaded TargetPlatform 'Linux'
[2020.06.15-18.00.12:961][  0]LogTargetPlatformManager: Display: Loaded TargetPlatform 'LinuxNoEditor'
[2020.06.15-18.00.12:978][  0]LogTargetPlatformManager: Display: Loaded TargetPlatform 'LinuxClient'
[2020.06.15-18.00.12:995][  0]LogTargetPlatformManager: Display: Loaded TargetPlatform 'LinuxServer'
[2020.06.15-18.00.13:013][  0]LogTargetPlatformManager: Display: Loaded TargetPlatform 'LinuxAArch64NoEditor'
[2020.06.15-18.00.13:030][  0]LogTargetPlatformManager: Display: Loaded TargetPlatform 'LinuxAArch64Client'
[2020.06.15-18.00.13:047][  0]LogTargetPlatformManager: Display: Loaded TargetPlatform 'LinuxAArch64Server'
[2020.06.15-18.00.13:098][  0]LogTargetPlatformManager: Display: Loaded TargetPlatform 'Lumin'
[2020.06.15-18.00.13:098][  0]LogTargetPlatformManager: Display: Loaded TargetPlatform 'LuminClient'
[2020.06.15-18.00.13:126][  0]LogTargetPlatformManager: Display: Loaded TargetPlatform 'TVOSClient'
[2020.06.15-18.00.13:126][  0]LogTargetPlatformManager: Display: Loaded TargetPlatform 'TVOS'
[2020.06.15-18.00.13:144][  0]LogTargetPlatformManager: Display: Loaded TargetPlatform 'WindowsNoEditor'
[2020.06.15-18.00.13:163][  0]LogTargetPlatformManager: Display: Loaded TargetPlatform 'Windows'
[2020.06.15-18.00.13:180][  0]LogTargetPlatformManager: Display: Loaded TargetPlatform 'WindowsClient'
[2020.06.15-18.00.13:200][  0]LogTargetPlatformManager: Display: Loaded TargetPlatform 'WindowsServer'
[2020.06.15-18.00.13:201][  0]LogTargetPlatformManager: Display: Building Assets For Windows
[2020.06.15-18.00.13:216][  0]LogAudioDebug: Display: Lib vorbis DLL was dynamically loaded.
[2020.06.15-18.00.13:337][  0]LogShaderCompilers: Guid format shader working directory is -22 characters bigger than the processId version (../../../../../../Game_jam/homeJam_AGAIN/Connections/Connections_UE/Intermediate/Shaders/WorkingDirectory/5472/).
[2020.06.15-18.00.13:337][  0]LogShaderCompilers: Cleaned the shader compiler working directory 'C:/Users/User/AppData/Local/Temp/UnrealShaderWorkingDir/8FE583EF4F30D16CF71AE09584EBA7DF/'.
[2020.06.15-18.00.13:338][  0]LogXGEController: Cleaning working directory: C:/Users/User/AppData/Local/Temp/UnrealXGEWorkingDir/
[2020.06.15-18.00.13:339][  0]LogXGEController: Cannot use XGE Controller as Incredibuild is not installed on this machine.
[2020.06.15-18.00.13:339][  0]LogShaderCompilers: Cannot use XGE Shader Compiler as Incredibuild is not installed on this machine.
[2020.06.15-18.00.13:339][  0]LogShaderCompilers: Display: Using Local Shader Compiler.
[2020.06.15-18.00.14:517][  0]LogDerivedDataCache: Display: Max Cache Size: 512 MB
[2020.06.15-18.00.14:589][  0]LogDerivedDataCache: Loaded boot cache 0.07s 79MB C:/Users/User/AppData/Local/UnrealEngine/4.25/DerivedDataCache/Boot.ddc.
[2020.06.15-18.00.14:589][  0]LogDerivedDataCache: Display: Loaded Boot cache: C:/Users/User/AppData/Local/UnrealEngine/4.25/DerivedDataCache/Boot.ddc
[2020.06.15-18.00.14:589][  0]LogDerivedDataCache: FDerivedDataBackendGraph:  Pak pak cache file ../../../../../../Game_jam/homeJam_AGAIN/Connections/Connections_UE/DerivedDataCache/DDC.ddp not found, will not use a pak cache.
[2020.06.15-18.00.14:589][  0]LogDerivedDataCache: Unable to find inner node Pak for hierarchical cache Hierarchy.
[2020.06.15-18.00.14:589][  0]LogDerivedDataCache: FDerivedDataBackendGraph:  CompressedPak pak cache file ../../../../../../Game_jam/homeJam_AGAIN/Connections/Connections_UE/DerivedDataCache/Compressed.ddp not found, will not use a pak cache.
[2020.06.15-18.00.14:589][  0]LogDerivedDataCache: Unable to find inner node CompressedPak for hierarchical cache Hierarchy.
[2020.06.15-18.00.14:604][  0]LogDerivedDataCache: Display: Pak cache opened for reading ../../../Engine/DerivedDataCache/Compressed.ddp.
[2020.06.15-18.00.14:604][  0]LogDerivedDataCache: FDerivedDataBackendGraph:  EnterprisePak pak cache file ../../../Enterprise/DerivedDataCache/Compressed.ddp not found, will not use a pak cache.
[2020.06.15-18.00.14:604][  0]LogDerivedDataCache: Unable to find inner node EnterprisePak for hierarchical cache Hierarchy.
[2020.06.15-18.00.14:605][  0]LogDerivedDataCache: Using Local data cache path C:/Users/User/AppData/Local/UnrealEngine/Common/DerivedDataCache: Writable
[2020.06.15-18.00.14:605][  0]LogDerivedDataCache: Shared data cache path not found in *engine.ini, will not use an Shared cache.
[2020.06.15-18.00.14:605][  0]LogDerivedDataCache: Unable to find inner node Shared for hierarchical cache Hierarchy.
[2020.06.15-18.00.14:679][  0]LogSlate: Using FreeType 2.10.0
[2020.06.15-18.00.14:680][  0]LogSlate: SlateFontServices - WITH_FREETYPE: 1, WITH_HARFBUZZ: 1
[2020.06.15-18.00.14:717][  0]LogAssetRegistry: FAssetRegistry took 0.0040 seconds to start up
[2020.06.15-18.00.15:037][  0]LogInit: Selected Device Profile: [Windows]
[2020.06.15-18.00.15:203][  0]LogMeshReduction: Using QuadricMeshReduction for automatic static mesh reduction
[2020.06.15-18.00.15:203][  0]LogMeshReduction: Using SimplygonMeshReduction for automatic skeletal mesh reduction
[2020.06.15-18.00.15:203][  0]LogMeshReduction: Using ProxyLODMeshReduction for automatic mesh merging
[2020.06.15-18.00.15:203][  0]LogMeshReduction: No distributed automatic mesh merging module available
[2020.06.15-18.00.15:203][  0]LogMeshMerging: No distributed automatic mesh merging module available
[2020.06.15-18.00.15:223][  0]LogNetVersion: Connections_UE 1.0.0, NetCL: 13144385, EngineNetVer: 14, GameNetVer: 0 (Checksum: 2970939504)
[2020.06.15-18.00.15:842][  0]LogAISub: UAISubsystem::UAISubsystem AISubsystem (0000026A76F2C340), frame # 0
[2020.06.15-18.00.15:842][  0]LogAISub: UAISubsystem::UAISubsystem AIPerceptionSystem (0000026A77E6EAC0), frame # 0
[2020.06.15-18.00.15:844][  0]LogAISub: UAISubsystem::UAISubsystem EnvQueryManager (0000026A77EE8800), frame # 0
[2020.06.15-18.00.16:108][  0]LogPackageLocalizationCache: Processed 17 localized package path(s) for 1 prioritized culture(s) in 0.258053 seconds
[2020.06.15-18.00.16:117][  0]LogUObjectArray: 15756 objects as part of root set at end of initial load.
[2020.06.15-18.00.16:117][  0]LogUObjectAllocator: 3925280 out of 0 bytes used by permanent object pool.
[2020.06.15-18.00.16:117][  0]LogUObjectArray: CloseDisregardForGC: 0/0 objects in disregard for GC pool
[2020.06.15-18.00.16:587][  0]LogTcpMessaging: Initializing TcpMessaging bridge
[2020.06.15-18.00.16:593][  0]LogUdpMessaging: Initializing bridge on interface 0.0.0.0:0 to multicast group 230.0.0.1:6666.
[2020.06.15-18.00.16:648][  0]LogLinker: Warning: Failed to load '/Game/ThirdPersonBP/ThirdPersonOverview': Can't find file.
[2020.06.15-18.00.16:648][  0]LogLinker: Warning: Failed to load '/Game/ThirdPersonBP/ThirdPersonOverview': Can't find file.
[2020.06.15-18.00.16:648][  0]LogUObjectGlobals: Warning: Failed to find object 'Class /Game/ThirdPersonBP/ThirdPersonOverview.ThirdPersonOverview_C'
[2020.06.15-18.00.16:695][  0]SourceControl: Source control is disabled
[2020.06.15-18.00.16:696][  0]SourceControl: Source control is disabled
[2020.06.15-18.00.16:699][  0]SourceControl: Source control is disabled
[2020.06.15-18.00.16:703][  0]SourceControl: Source control is disabled
[2020.06.15-18.00.16:713][  0]SourceControl: Source control is disabled
[2020.06.15-18.00.17:033][  0]LogAndroidPermission: UAndroidPermissionCallbackProxy::GetInstance
[2020.06.15-18.00.17:060][  0]LogAudioCaptureCore: Display: No Audio Capture implementations found. Audio input will be silent.
[2020.06.15-18.00.17:060][  0]LogAudioCaptureCore: Display: No Audio Capture implementations found. Audio input will be silent.
[2020.06.15-18.00.17:180][  0]LogEngine: Initializing Engine...
[2020.06.15-18.00.17:181][  0]LogMagicLeap: Warning: VR disabled because ZI is not enabled.  To enable, in the editor, Edit -> Project Settings -> Plugins -> Magic Leap Plugin -> Enable Zero Iteration
[2020.06.15-18.00.17:182][  0]LogStats: UGameplayTagsManager::InitializeManager -  0.000 s
[2020.06.15-18.00.17:340][  0]LogInit: Initializing FReadOnlyCVARCache
[2020.06.15-18.00.17:350][  0]LogAIModule: Creating AISystem for world Untitled
[2020.06.15-18.00.17:351][  0]LogAISub: UAISubsystem::UAISubsystem EnvQueryManager (0000026A7CF2BC00), frame # 0
[2020.06.15-18.00.17:351][  0]LogAISub: UAISubsystem::UAISubsystem AIPerceptionSystem (0000026A7CFC25C0), frame # 0
[2020.06.15-18.00.17:387][  0]LogAudioMixer: Display: Audio Mixer Platform Settings:
[2020.06.15-18.00.17:387][  0]LogAudioMixer: Display: 	Sample Rate:						  48000
[2020.06.15-18.00.17:387][  0]LogAudioMixer: Display: 	Callback Buffer Frame Size Requested: 1024
[2020.06.15-18.00.17:387][  0]LogAudioMixer: Display: 	Callback Buffer Frame Size To Use:	  1024
[2020.06.15-18.00.17:387][  0]LogAudioMixer: Display: 	Number of buffers to queue:			  2
[2020.06.15-18.00.17:387][  0]LogAudioMixer: Display: 	Max Channels (voices):				  32
[2020.06.15-18.00.17:387][  0]LogAudioMixer: Display: 	Number of Async Source Workers:		  0
[2020.06.15-18.00.17:387][  0]LogAudio: Display: AudioDevice MaxSources: 32
[2020.06.15-18.00.17:387][  0]LogAudio: Display: Using built-in audio occlusion.
[2020.06.15-18.00.17:387][  0]LogAudioMixer: Display: Initializing audio mixer.
[2020.06.15-18.00.17:418][  0]LogAudioMixer: Display: 0: FrontLeft
[2020.06.15-18.00.17:419][  0]LogAudioMixer: Display: 1: FrontRight
[2020.06.15-18.00.17:419][  0]LogAudioMixer: Display: 2: FrontCenter
[2020.06.15-18.00.17:419][  0]LogAudioMixer: Display: 3: LowFrequency
[2020.06.15-18.00.17:419][  0]LogAudioMixer: Display: 4: BackLeft
[2020.06.15-18.00.17:419][  0]LogAudioMixer: Display: 5: BackRight
[2020.06.15-18.00.17:419][  0]LogAudioMixer: Display: 6: SideLeft
[2020.06.15-18.00.17:419][  0]LogAudioMixer: Display: 7: SideRight
[2020.06.15-18.00.17:674][  0]LogAudioMixer: Display: Using Audio Device Headset Earphone (2- CORSAIR HS70 Wireless Gaming Headset)
[2020.06.15-18.00.17:680][  0]LogAudioMixer: Display: Initializing Sound Submixes...
[2020.06.15-18.00.17:683][  0]LogAudioMixer: Display: Creating Master Submix 'MasterSubmixDefault'
[2020.06.15-18.00.17:683][  0]LogAudioMixer: Display: Creating Master Submix 'MasterReverbSubmixDefault'
[2020.06.15-18.00.17:684][  0]LogAudioMixer: Display: Creating Master Submix 'MasterEQSubmixDefault'
[2020.06.15-18.00.17:685][  0]LogInit: FAudioDevice initialized.
[2020.06.15-18.00.17:685][  0]LogNetVersion: Set ProjectVersion to 1.0.0.0. Version Checksum will be recalculated on next use.
[2020.06.15-18.00.17:767][  0]LogDerivedDataCache: Saved boot cache 0.08s 79MB C:/Users/User/AppData/Local/UnrealEngine/4.25/DerivedDataCache/Boot.ddc.
[2020.06.15-18.00.17:775][  0]LogInit: Texture streaming: Enabled
[2020.06.15-18.00.17:797][  0]LogEngineSessionManager: EngineSessionManager initialized
[2020.06.15-18.00.17:797][  0]LogEditorSessionSummary: Verbose: Initializing EditorSessionSummaryWriter for editor session tracking
[2020.06.15-18.00.17:799][  0]LogEditorSessionSummary: EditorSessionSummaryWriter initialized
[2020.06.15-18.00.17:997][  0]LogInit: Transaction tracking system initialized
[2020.06.15-18.00.18:027][  0]BlueprintLog: New page: Editor Load
[2020.06.15-18.00.18:120][  0]LocalizationService: Localization service is disabled
[2020.06.15-18.00.18:507][  0]LogCook: Display: Max memory allowance for cook 16384mb min free memory 0mb
[2020.06.15-18.00.18:507][  0]LogCook: Display: Mobile HDR setting 1
[2020.06.15-18.00.18:521][  0]LogFileCache: Scanning file cache for directory 'E:/Game_jam/homeJam_AGAIN/Connections/Connections_UE/Content/' took 0.00s
[2020.06.15-18.00.18:728][  0]SourceControl: Source control is disabled
[2020.06.15-18.00.18:728][  0]LogUnrealEdMisc: Loading editor; pre map load, took 11.434
[2020.06.15-18.00.18:729][  0]Cmd: MAP LOAD FILE="../../../../../../Game_jam/homeJam_AGAIN/Connections/Connections_UE/Content/PuzzleBP/Maps/PuzzleExampleMap.umap" TEMPLATE=0 SHOWPROGRESS=1 FEATURELEVEL=3
[2020.06.15-18.00.18:729][  0]LightingResults: New page: Lighting Build
[2020.06.15-18.00.18:730][  0]LogWorld: UWorld::CleanupWorld for Untitled, bSessionEnded=true, bCleanupResources=true
[2020.06.15-18.00.18:730][  0]LogSlate: InvalidateAllWidgets triggered.  All widgets were invalidated
[2020.06.15-18.00.18:730][  0]MapCheck: New page: Map Check
[2020.06.15-18.00.18:730][  0]LightingResults: New page: Lighting Build
[2020.06.15-18.00.18:740][  0]LogAISub: UAISubsystem::~UAISubsystem EnvQueryManager (0000026A7CF2BC00), frame # 0
[2020.06.15-18.00.18:740][  0]LogAISub: UAISubsystem::~UAISubsystem AIPerceptionSystem (0000026A7CFC25C0), frame # 0
[2020.06.15-18.00.18:742][  0]LogUObjectHash: Compacting FUObjectHashTables data took   1.07ms
[2020.06.15-18.00.18:901][  0]LogAIModule: Creating AISystem for world PuzzleExampleMap
[2020.06.15-18.00.18:901][  0]LogAISub: UAISubsystem::UAISubsystem EnvQueryManager (0000026A075E9C00), frame # 0
[2020.06.15-18.00.18:901][  0]LogAISub: UAISubsystem::UAISubsystem AIPerceptionSystem (0000026A75005F80), frame # 0
[2020.06.15-18.00.18:935][  0]LogEditorServer: Finished looking for orphan Actors (0.000 secs)
[2020.06.15-18.00.18:947][  0]LogUObjectHash: Compacting FUObjectHashTables data took   0.87ms
[2020.06.15-18.00.18:948][  0]Cmd: MAP CHECKDEP NOCLEARLOG
[2020.06.15-18.00.18:948][  0]MapCheck: Map check complete: 0 Error(s), 0 Warning(s), took 0.098ms to complete.
[2020.06.15-18.00.18:948][  0]LogFileHelpers: Loading map 'PuzzleExampleMap' took 0.220
[2020.06.15-18.00.18:950][  0]LogUnrealEdMisc: Total Editor Startup Time, took 11.656
[2020.06.15-18.00.19:109][  0]LogSlate: Updating window title bar state: overlay mode, drag disabled, window buttons hidden, title bar hidden
[2020.06.15-18.00.19:118][  0]LogSlate: Updating window title bar state: overlay mode, drag disabled, window buttons hidden, title bar hidden
[2020.06.15-18.00.19:128][  0]LogSlate: Updating window title bar state: overlay mode, drag disabled, window buttons hidden, title bar hidden
[2020.06.15-18.00.19:137][  0]LogSlate: Updating window title bar state: overlay mode, drag disabled, window buttons hidden, title bar hidden
[2020.06.15-18.00.19:147][  0]LogCollectionManager: Loaded 0 collections in 0.001384 seconds
[2020.06.15-18.00.19:166][  0]LogFileCache: Scanning file cache for directory 'E:/Game_jam/homeJam_AGAIN/Connections/Connections_UE/Saved/Collections/' took 0.00s
[2020.06.15-18.00.19:166][  0]LogFileCache: Scanning file cache for directory 'E:/Game_jam/homeJam_AGAIN/Connections/Connections_UE/Content/Developers/User/Collections/' took 0.00s
[2020.06.15-18.00.19:166][  0]LogFileCache: Scanning file cache for directory 'E:/Game_jam/homeJam_AGAIN/Connections/Connections_UE/Content/Collections/' took 0.00s
[2020.06.15-18.00.19:166][  0]LogContentBrowser: Native class hierarchy populated in 0.0113 seconds. Added 3407 classes and 805 folders.
[2020.06.15-18.00.19:168][  0]LogContentBrowser: Native class hierarchy updated for 'WidgetCarousel' in 0.0003 seconds. Added 0 classes and 0 folders.
[2020.06.15-18.00.19:273][  0]LogContentBrowser: Native class hierarchy updated for 'AddContentDialog' in 0.0005 seconds. Added 0 classes and 0 folders.
[2020.06.15-18.00.19:275][  0]LogContentBrowser: Native class hierarchy updated for 'SceneOutliner' in 0.0004 seconds. Added 2 classes and 0 folders.
[2020.06.15-18.00.19:389][  0]LogSlate: Took 0.000345 seconds to synchronously load lazily loaded font '../../../Engine/Content/Slate/Fonts/Roboto-Regular.ttf' (155K)
[2020.06.15-18.00.19:394][  0]LogSlate: Took 0.000292 seconds to synchronously load lazily loaded font '../../../Engine/Content/Slate/Fonts/Roboto-Bold.ttf' (160K)
[2020.06.15-18.00.19:397][  0]LogSlate: Took 0.000282 seconds to synchronously load lazily loaded font '../../../Engine/Content/Editor/Slate/Fonts/FontAwesome.ttf' (139K)
[2020.06.15-18.00.19:488][  0]LogRenderer: Reallocating scene render targets to support 1208x572 Format 10 NumSamples 1 (Frame:1).
[2020.06.15-18.00.19:629][  0]LogContentBrowser: Native class hierarchy updated for 'HierarchicalLODOutliner' in 0.0004 seconds. Added 0 classes and 0 folders.
[2020.06.15-18.00.19:629][  0]LogLoad: (Engine Initialization) Total time: 12.33 seconds
[2020.06.15-18.00.19:629][  0]LogLoad: (Engine Initialization) Total Blueprint compile time: 0.00 seconds
[2020.06.15-18.00.19:685][  0]LogAssetRegistry: Asset discovery search completed in 4.9697 seconds
[2020.06.15-18.00.19:689][  0]LogCollectionManager: Fixed up redirectors for 0 collections in 0.000006 seconds (updated 0 objects)
[2020.06.15-18.00.19:691][  0]LogContentStreaming: Texture pool size now 1000 MB
[2020.06.15-18.00.19:710][  0]LogSlate: Took 0.000362 seconds to synchronously load lazily loaded font '../../../Engine/Content/Slate/Fonts/Roboto-Light.ttf' (167K)
[2020.06.15-18.00.37:015][161]LogSlate: Window 'Plugins' being destroyed
[2020.06.15-18.00.37:021][161]LogSlate: Window 'Plugins' being destroyed
[2020.06.15-18.00.37:021][161]LogDirectoryWatcher: A directory notification for '../../../Engine/Plugins/' was aborted.
[2020.06.15-18.00.42:149][418]LogSlate: Window 'Source Control Login' being destroyed
[2020.06.15-18.07.54:380][897]LogSlate: Window 'Tutorials' being destroyed
[2020.06.15-18.08.39:874][590]LogSlate: Window 'Tutorials' being destroyed
[2020.06.15-18.08.39:883][590]LogSlate: Window 'Tutorials' being destroyed
[2020.06.15-18.08.40:877][648]LogTemp: Repeating last play command: Selected Viewport
[2020.06.15-18.08.40:896][648]LogPlayLevel: PlayLevel: No blueprints needed recompiling
[2020.06.15-18.08.40:897][648]PIE: New page: PIE session: PuzzleExampleMap (Jun 15, 2020, 10:08:40 AM)
[2020.06.15-18.08.40:898][648]LogOnline: OSS: Creating online subsystem instance for: NULL
[2020.06.15-18.08.40:900][648]LogOnline: OSS: TryLoadSubsystemAndSetDefault: Loaded subsystem for module [NULL]
[2020.06.15-18.08.40:900][648]LogPlayLevel: Creating play world package: /Game/PuzzleBP/Maps/UEDPIE_0_PuzzleExampleMap
[2020.06.15-18.08.40:917][648]LogPlayLevel: PIE: StaticDuplicateObject took: (0.017017s)
[2020.06.15-18.08.40:919][648]LogAIModule: Creating AISystem for world PuzzleExampleMap
[2020.06.15-18.08.40:919][648]LogAISub: UAISubsystem::UAISubsystem EnvQueryManager (0000026A09835400), frame # 5648
[2020.06.15-18.08.40:919][648]LogAISub: UAISubsystem::UAISubsystem AIPerceptionSystem (0000026A0A68FD80), frame # 5648
[2020.06.15-18.08.40:919][648]LogPlayLevel: PIE: World Init took: (0.002043s)
[2020.06.15-18.08.40:919][648]LogPlayLevel: PIE: Created PIE world by copying editor world from /Game/PuzzleBP/Maps/PuzzleExampleMap.PuzzleExampleMap to /Game/PuzzleBP/Maps/UEDPIE_0_PuzzleExampleMap.PuzzleExampleMap (0.019357s)
[2020.06.15-18.08.40:936][648]LogUObjectHash: Compacting FUObjectHashTables data took   1.59ms
[2020.06.15-18.08.40:940][648]LogAudioMixer: Display: Audio Mixer Platform Settings:
[2020.06.15-18.08.40:940][648]LogAudioMixer: Display: 	Sample Rate:						  48000
[2020.06.15-18.08.40:940][648]LogAudioMixer: Display: 	Callback Buffer Frame Size Requested: 1024
[2020.06.15-18.08.40:940][648]LogAudioMixer: Display: 	Callback Buffer Frame Size To Use:	  1024
[2020.06.15-18.08.40:940][648]LogAudioMixer: Display: 	Number of buffers to queue:			  2
[2020.06.15-18.08.40:940][648]LogAudioMixer: Display: 	Max Channels (voices):				  32
[2020.06.15-18.08.40:940][648]LogAudioMixer: Display: 	Number of Async Source Workers:		  0
[2020.06.15-18.08.40:940][648]LogAudio: Display: AudioDevice MaxSources: 32
[2020.06.15-18.08.40:941][648]LogAudio: Display: Using built-in audio occlusion.
[2020.06.15-18.08.40:942][648]LogAudioMixer: Display: Initializing audio mixer.
[2020.06.15-18.08.40:951][648]LogAudioMixer: Display: 0: FrontLeft
[2020.06.15-18.08.40:951][648]LogAudioMixer: Display: 1: FrontRight
[2020.06.15-18.08.40:951][648]LogAudioMixer: Display: 2: FrontCenter
[2020.06.15-18.08.40:951][648]LogAudioMixer: Display: 3: LowFrequency
[2020.06.15-18.08.40:951][648]LogAudioMixer: Display: 4: BackLeft
[2020.06.15-18.08.40:951][648]LogAudioMixer: Display: 5: BackRight
[2020.06.15-18.08.40:951][648]LogAudioMixer: Display: 6: SideLeft
[2020.06.15-18.08.40:951][648]LogAudioMixer: Display: 7: SideRight
[2020.06.15-18.08.41:187][648]LogAudioMixer: Display: Using Audio Device Headset Earphone (2- CORSAIR HS70 Wireless Gaming Headset)
[2020.06.15-18.08.41:187][648]LogAudioMixer: Display: Initializing Sound Submixes...
[2020.06.15-18.08.41:187][648]LogAudioMixer: Display: Creating Master Submix 'MasterSubmixDefault'
[2020.06.15-18.08.41:187][648]LogAudioMixer: Display: Creating Master Submix 'MasterReverbSubmixDefault'
[2020.06.15-18.08.41:188][648]LogAudioMixer: Display: Creating Master Submix 'MasterEQSubmixDefault'
[2020.06.15-18.08.41:211][648]LogInit: FAudioDevice initialized.
[2020.06.15-18.08.41:223][648]LogLoad: Game class is 'PuzzleGameMode_C'
[2020.06.15-18.08.41:226][648]LogWorld: Bringing World /Game/PuzzleBP/Maps/UEDPIE_0_PuzzleExampleMap.PuzzleExampleMap up for play (max tick rate 60) at 2020.06.15-14.08.41
[2020.06.15-18.08.41:226][648]LogWorld: Bringing up level for play took: 0.001133
[2020.06.15-18.08.41:227][648]LogOnline: OSS: Creating online subsystem instance for: :Context_4
[2020.06.15-18.08.41:231][648]LogContentBrowser: Native class hierarchy updated for 'MovieSceneCapture' in 0.0006 seconds. Added 20 classes and 0 folders.
[2020.06.15-18.08.41:235][648]PIE: Server logged in
[2020.06.15-18.08.41:237][648]PIE: Play in editor total start time 0.342 seconds.
[2020.06.15-18.09.03:662][968]LogSlate: Updating window title bar state: overlay mode, drag disabled, window buttons hidden, title bar hidden
[2020.06.15-18.09.03:662][968]LogWorld: BeginTearingDown for /Game/PuzzleBP/Maps/UEDPIE_0_PuzzleExampleMap
[2020.06.15-18.09.03:663][968]LogWorld: UWorld::CleanupWorld for PuzzleExampleMap, bSessionEnded=true, bCleanupResources=true
[2020.06.15-18.09.03:663][968]LogSlate: InvalidateAllWidgets triggered.  All widgets were invalidated
[2020.06.15-18.09.03:673][968]LogPlayLevel: Display: Shutting down PIE online subsystems
[2020.06.15-18.09.03:675][968]LogSlate: InvalidateAllWidgets triggered.  All widgets were invalidated
[2020.06.15-18.09.03:713][968]LogSlate: Updating window title bar state: overlay mode, drag disabled, window buttons hidden, title bar hidden
[2020.06.15-18.09.03:714][968]LogAISub: UAISubsystem::~UAISubsystem EnvQueryManager (0000026A09835400), frame # 6968
[2020.06.15-18.09.03:714][968]LogAISub: UAISubsystem::~UAISubsystem AIPerceptionSystem (0000026A0A68FD80), frame # 6968
[2020.06.15-18.09.03:715][968]LogUObjectHash: Compacting FUObjectHashTables data took   0.64ms
[2020.06.15-18.09.03:754][969]LogPlayLevel: Display: Destroying online subsystem :Context_4
